<?xml version="1.0" encoding="UTF-8"?>
<!-- Generated by org.testng.reporters.JUnitReportReporter -->
<testsuite hostname="ManishKumarJha" failures="0" tests="1" name="test.ResolutionScreen" time="3.894" errors="0" timestamp="2024-05-18T19:09:27 IST" skipped="0">
  <testcase classname="test.ResolutionScreen" name="testRun" time="3.894"/>
</testsuite> <!-- test.ResolutionScreen -->
