<?xml version="1.0" encoding="UTF-8"?>
<!-- Generated by org.testng.reporters.JUnitReportReporter -->
<testsuite hostname="ManishKumarJha" failures="0" tests="1" name="test.Test0" time="3.989" errors="0" timestamp="2024-05-18T19:09:27 IST" skipped="0">
  <testcase classname="test.Test0" name="testDemo" time="3.989"/>
</testsuite> <!-- test.Test0 -->
