<?xml version="1.0" encoding="UTF-8"?>
<!-- Generated by org.testng.reporters.JUnitReportReporter -->
<testsuite hostname="ManishKumarJha" failures="0" tests="1" name="test.Test0" time="6.400" errors="0" timestamp="2024-05-19T15:47:48 IST" skipped="0">
  <testcase classname="test.Test0" name="testDemo" time="6.400"/>
</testsuite> <!-- test.Test0 -->
